Started by user [8mha:////4Fb7p/eeegJ9At02th6o2yDywtR30eyAzl6S3hcR7kDeAAAAlh+LCAAAAAAAAP9b85aBtbiIQTGjNKU4P08vOT+vOD8nVc83PyU1x6OyILUoJzMv2y+/JJUBAhiZGBgqihhk0NSjKDWzXb3RdlLBUSYGJk8GtpzUvPSSDB8G5tKinBIGIZ+sxLJE/ZzEvHT94JKizLx0a6BxUmjGOUNodHsLgAzOEgYu/dLi1CL9gpz8AgBal7TKvwAAAA==[0mplop plip
Building in workspace /var/jenkins_home/workspace/test-build
 > git rev-parse --is-inside-work-tree # timeout=10
Fetching changes from the remote Git repository
 > git config remote.origin.url https://github.com/blattes86/sample-spring-boot.git # timeout=10
Fetching upstream changes from https://github.com/blattes86/sample-spring-boot.git
 > git --version # timeout=10
using GIT_ASKPASS to set credentials github
 > git fetch --tags --progress https://github.com/blattes86/sample-spring-boot.git +refs/heads/*:refs/remotes/origin/*
 > git rev-parse refs/remotes/origin/master^{commit} # timeout=10
 > git rev-parse refs/remotes/origin/origin/master^{commit} # timeout=10
Checking out Revision 9ff0d4b1fcae98043f6696fb18c9bba31bdefc05 (refs/remotes/origin/master)
 > git config core.sparsecheckout # timeout=10
 > git checkout -f 9ff0d4b1fcae98043f6696fb18c9bba31bdefc05
Commit message: "ajout soustraction"
 > git rev-list --no-walk e099eba24bf7a5d3b04888818945e695a810d939 # timeout=10
[test-build] $ /var/jenkins_home/tools/hudson.tasks.Maven_MavenInstallation/maven/bin/mvn clean test cobertura:cobertura -Dcobertura.report.format=xml
[INFO] Scanning for projects...
[INFO] 
[INFO] --------------------------< com.example:demo >--------------------------
[INFO] Building demo 0.0.1-SNAPSHOT
[INFO] --------------------------------[ jar ]---------------------------------
[INFO] 
[8mha:////4G7nBa3Nw5DpaX20RJvvdgC8wB0wjjqtkRkAZ+M1dAQpAAAAYB+LCAAAAAAAAP9b85aBtbiIQSmjNKU4P0+vJLE4u1gvPjexLDVPzxdEGvvmZ+X75ZekLlOVfvTjc8FPJgaGiiIGKaiG5Py84vycVD1nCA1SyAABjCCFBQCV27OjYAAAAA==[0m[INFO] --- maven-clean-plugin:2.6.1:clean (default-clean) @ demo ---
[INFO] Deleting /var/jenkins_home/workspace/test-build/target
[INFO] 
[8mha:////4G7nBa3Nw5DpaX20RJvvdgC8wB0wjjqtkRkAZ+M1dAQpAAAAYB+LCAAAAAAAAP9b85aBtbiIQSmjNKU4P0+vJLE4u1gvPjexLDVPzxdEGvvmZ+X75ZekLlOVfvTjc8FPJgaGiiIGKaiG5Py84vycVD1nCA1SyAABjCCFBQCV27OjYAAAAA==[0m[INFO] --- maven-resources-plugin:2.6:resources (default-resources) @ demo ---
[INFO] Using 'UTF-8' encoding to copy filtered resources.
[INFO] Copying 1 resource
[INFO] Copying 0 resource
[INFO] 
[8mha:////4G7nBa3Nw5DpaX20RJvvdgC8wB0wjjqtkRkAZ+M1dAQpAAAAYB+LCAAAAAAAAP9b85aBtbiIQSmjNKU4P0+vJLE4u1gvPjexLDVPzxdEGvvmZ+X75ZekLlOVfvTjc8FPJgaGiiIGKaiG5Py84vycVD1nCA1SyAABjCCFBQCV27OjYAAAAA==[0m[INFO] --- maven-compiler-plugin:3.1:compile (default-compile) @ demo ---
[INFO] Changes detected - recompiling the module!
[INFO] Compiling 1 source file to /var/jenkins_home/workspace/test-build/target/classes
[INFO] 
[8mha:////4G7nBa3Nw5DpaX20RJvvdgC8wB0wjjqtkRkAZ+M1dAQpAAAAYB+LCAAAAAAAAP9b85aBtbiIQSmjNKU4P0+vJLE4u1gvPjexLDVPzxdEGvvmZ+X75ZekLlOVfvTjc8FPJgaGiiIGKaiG5Py84vycVD1nCA1SyAABjCCFBQCV27OjYAAAAA==[0m[INFO] --- maven-resources-plugin:2.6:testResources (default-testResources) @ demo ---
[INFO] Using 'UTF-8' encoding to copy filtered resources.
[INFO] skip non existing resourceDirectory /var/jenkins_home/workspace/test-build/src/test/resources
[INFO] 
[8mha:////4G7nBa3Nw5DpaX20RJvvdgC8wB0wjjqtkRkAZ+M1dAQpAAAAYB+LCAAAAAAAAP9b85aBtbiIQSmjNKU4P0+vJLE4u1gvPjexLDVPzxdEGvvmZ+X75ZekLlOVfvTjc8FPJgaGiiIGKaiG5Py84vycVD1nCA1SyAABjCCFBQCV27OjYAAAAA==[0m[INFO] --- maven-compiler-plugin:3.1:testCompile (default-testCompile) @ demo ---
[INFO] Changes detected - recompiling the module!
[INFO] Compiling 1 source file to /var/jenkins_home/workspace/test-build/target/test-classes
[INFO] -------------------------------------------------------------
[8mha:////4FNpcxjdRjrCM+XYq0xgBzc8bURu9I6LtQqKBfsTW3M7AAAAYB+LCAAAAAAAAP9b85aBtbiIQSmjNKU4P0+vJLE4u1gvPjexLDVPzxdEuhYV5Rf55ZekOlc7RKnPKH7IxMBQUcQgBdWQnJ9XnJ+TqucMoUEKGSCAEaSwAACsNFCqYAAAAA==[0m[ERROR] COMPILATION ERROR : 
[INFO] -------------------------------------------------------------
[8mha:////4FNpcxjdRjrCM+XYq0xgBzc8bURu9I6LtQqKBfsTW3M7AAAAYB+LCAAAAAAAAP9b85aBtbiIQSmjNKU4P0+vJLE4u1gvPjexLDVPzxdEuhYV5Rf55ZekOlc7RKnPKH7IxMBQUcQgBdWQnJ9XnJ+TqucMoUEKGSCAEaSwAACsNFCqYAAAAA==[0m[ERROR] /var/jenkins_home/workspace/test-build/src/test/java/com/example/DemoApplicationTests.java:[67,9] reference to assertEquals is ambiguous
  both method assertEquals(long,long) in org.junit.Assert and method assertEquals(java.lang.Object,java.lang.Object) in org.junit.Assert match
[8mha:////4FNpcxjdRjrCM+XYq0xgBzc8bURu9I6LtQqKBfsTW3M7AAAAYB+LCAAAAAAAAP9b85aBtbiIQSmjNKU4P0+vJLE4u1gvPjexLDVPzxdEuhYV5Rf55ZekOlc7RKnPKH7IxMBQUcQgBdWQnJ9XnJ+TqucMoUEKGSCAEaSwAACsNFCqYAAAAA==[0m[ERROR] /var/jenkins_home/workspace/test-build/src/test/java/com/example/DemoApplicationTests.java:[74,9] reference to assertEquals is ambiguous
  both method assertEquals(long,long) in org.junit.Assert and method assertEquals(java.lang.Object,java.lang.Object) in org.junit.Assert match
[INFO] 2 errors 
[INFO] -------------------------------------------------------------
[INFO] ------------------------------------------------------------------------
[INFO] BUILD FAILURE
[INFO] ------------------------------------------------------------------------
[INFO] Total time: 3.986 s
[INFO] Finished at: 2018-03-22T11:02:52Z
[INFO] ------------------------------------------------------------------------
[8mha:////4FNpcxjdRjrCM+XYq0xgBzc8bURu9I6LtQqKBfsTW3M7AAAAYB+LCAAAAAAAAP9b85aBtbiIQSmjNKU4P0+vJLE4u1gvPjexLDVPzxdEuhYV5Rf55ZekOlc7RKnPKH7IxMBQUcQgBdWQnJ9XnJ+TqucMoUEKGSCAEaSwAACsNFCqYAAAAA==[0m[ERROR] Failed to execute goal org.apache.maven.plugins:maven-compiler-plugin:3.1:testCompile (default-testCompile) on project demo: Compilation failure: Compilation failure: 
[8mha:////4FNpcxjdRjrCM+XYq0xgBzc8bURu9I6LtQqKBfsTW3M7AAAAYB+LCAAAAAAAAP9b85aBtbiIQSmjNKU4P0+vJLE4u1gvPjexLDVPzxdEuhYV5Rf55ZekOlc7RKnPKH7IxMBQUcQgBdWQnJ9XnJ+TqucMoUEKGSCAEaSwAACsNFCqYAAAAA==[0m[ERROR] /var/jenkins_home/workspace/test-build/src/test/java/com/example/DemoApplicationTests.java:[67,9] reference to assertEquals is ambiguous
[8mha:////4FNpcxjdRjrCM+XYq0xgBzc8bURu9I6LtQqKBfsTW3M7AAAAYB+LCAAAAAAAAP9b85aBtbiIQSmjNKU4P0+vJLE4u1gvPjexLDVPzxdEuhYV5Rf55ZekOlc7RKnPKH7IxMBQUcQgBdWQnJ9XnJ+TqucMoUEKGSCAEaSwAACsNFCqYAAAAA==[0m[ERROR]   both method assertEquals(long,long) in org.junit.Assert and method assertEquals(java.lang.Object,java.lang.Object) in org.junit.Assert match
[8mha:////4FNpcxjdRjrCM+XYq0xgBzc8bURu9I6LtQqKBfsTW3M7AAAAYB+LCAAAAAAAAP9b85aBtbiIQSmjNKU4P0+vJLE4u1gvPjexLDVPzxdEuhYV5Rf55ZekOlc7RKnPKH7IxMBQUcQgBdWQnJ9XnJ+TqucMoUEKGSCAEaSwAACsNFCqYAAAAA==[0m[ERROR] /var/jenkins_home/workspace/test-build/src/test/java/com/example/DemoApplicationTests.java:[74,9] reference to assertEquals is ambiguous
[8mha:////4FNpcxjdRjrCM+XYq0xgBzc8bURu9I6LtQqKBfsTW3M7AAAAYB+LCAAAAAAAAP9b85aBtbiIQSmjNKU4P0+vJLE4u1gvPjexLDVPzxdEuhYV5Rf55ZekOlc7RKnPKH7IxMBQUcQgBdWQnJ9XnJ+TqucMoUEKGSCAEaSwAACsNFCqYAAAAA==[0m[ERROR]   both method assertEquals(long,long) in org.junit.Assert and method assertEquals(java.lang.Object,java.lang.Object) in org.junit.Assert match
[8mha:////4FNpcxjdRjrCM+XYq0xgBzc8bURu9I6LtQqKBfsTW3M7AAAAYB+LCAAAAAAAAP9b85aBtbiIQSmjNKU4P0+vJLE4u1gvPjexLDVPzxdEuhYV5Rf55ZekOlc7RKnPKH7IxMBQUcQgBdWQnJ9XnJ+TqucMoUEKGSCAEaSwAACsNFCqYAAAAA==[0m[ERROR] -> [Help 1]
[8mha:////4FNpcxjdRjrCM+XYq0xgBzc8bURu9I6LtQqKBfsTW3M7AAAAYB+LCAAAAAAAAP9b85aBtbiIQSmjNKU4P0+vJLE4u1gvPjexLDVPzxdEuhYV5Rf55ZekOlc7RKnPKH7IxMBQUcQgBdWQnJ9XnJ+TqucMoUEKGSCAEaSwAACsNFCqYAAAAA==[0m[ERROR] 
[8mha:////4FNpcxjdRjrCM+XYq0xgBzc8bURu9I6LtQqKBfsTW3M7AAAAYB+LCAAAAAAAAP9b85aBtbiIQSmjNKU4P0+vJLE4u1gvPjexLDVPzxdEuhYV5Rf55ZekOlc7RKnPKH7IxMBQUcQgBdWQnJ9XnJ+TqucMoUEKGSCAEaSwAACsNFCqYAAAAA==[0m[ERROR] To see the full stack trace of the errors, re-run Maven with the -e switch.
[8mha:////4FNpcxjdRjrCM+XYq0xgBzc8bURu9I6LtQqKBfsTW3M7AAAAYB+LCAAAAAAAAP9b85aBtbiIQSmjNKU4P0+vJLE4u1gvPjexLDVPzxdEuhYV5Rf55ZekOlc7RKnPKH7IxMBQUcQgBdWQnJ9XnJ+TqucMoUEKGSCAEaSwAACsNFCqYAAAAA==[0m[ERROR] Re-run Maven using the -X switch to enable full debug logging.
[8mha:////4FNpcxjdRjrCM+XYq0xgBzc8bURu9I6LtQqKBfsTW3M7AAAAYB+LCAAAAAAAAP9b85aBtbiIQSmjNKU4P0+vJLE4u1gvPjexLDVPzxdEuhYV5Rf55ZekOlc7RKnPKH7IxMBQUcQgBdWQnJ9XnJ+TqucMoUEKGSCAEaSwAACsNFCqYAAAAA==[0m[ERROR] 
[8mha:////4FNpcxjdRjrCM+XYq0xgBzc8bURu9I6LtQqKBfsTW3M7AAAAYB+LCAAAAAAAAP9b85aBtbiIQSmjNKU4P0+vJLE4u1gvPjexLDVPzxdEuhYV5Rf55ZekOlc7RKnPKH7IxMBQUcQgBdWQnJ9XnJ+TqucMoUEKGSCAEaSwAACsNFCqYAAAAA==[0m[ERROR] For more information about the errors and possible solutions, please read the following articles:
[8mha:////4FNpcxjdRjrCM+XYq0xgBzc8bURu9I6LtQqKBfsTW3M7AAAAYB+LCAAAAAAAAP9b85aBtbiIQSmjNKU4P0+vJLE4u1gvPjexLDVPzxdEuhYV5Rf55ZekOlc7RKnPKH7IxMBQUcQgBdWQnJ9XnJ+TqucMoUEKGSCAEaSwAACsNFCqYAAAAA==[0m[ERROR] [Help 1] http://cwiki.apache.org/confluence/display/MAVEN/MojoFailureException
Build step 'Invoke top-level Maven targets' marked build as failure
[Cobertura] Publishing Cobertura coverage report...

Recording test results
ERROR: Step â€˜Publish JUnit test result reportâ€™ failed: No test report files were found. Configuration error?
Finished: FAILURE
