<?xml version="1.0"?>
<!DOCTYPE coverage SYSTEM "http://cobertura.sourceforge.net/xml/coverage-04.dtd">

<coverage line-rate="0.8" branch-rate="1.0" lines-covered="8" lines-valid="10" branches-covered="4" branches-valid="4" complexity="2.0" version="2.1.1" timestamp="1521726056473">
	<sources>
		<source>--source</source>
		<source>/var/jenkins_home/workspace/test-build/src/main/java</source>
	</sources>
	<packages>
		<package name="com.example" line-rate="0.8" branch-rate="1.0" complexity="2.0">
			<classes>
				<class name="com.example.DemoApplication" filename="com/example/DemoApplication.java" line-rate="0.8" branch-rate="1.0" complexity="2.0">
					<methods>
						<method name="&lt;init&gt;" signature="()V" line-rate="1.0" branch-rate="1.0" complexity="0">
							<lines>
								<line number="7" hits="1" branch="false"/>
							</lines>
						</method>
						<method name="addition" signature="(Ljava/lang/Integer;Ljava/lang/Integer;)Ljava/lang/Integer;" line-rate="1.0" branch-rate="1.0" complexity="0">
							<lines>
								<line number="39" hits="1" branch="false"/>
							</lines>
						</method>
						<method name="diviser" signature="(Ljava/lang/Integer;Ljava/lang/Integer;)D" line-rate="1.0" branch-rate="1.0" complexity="0">
							<lines>
								<line number="21" hits="4" branch="true" condition-coverage="100% (2/2)">
									<conditions>
										<condition number="0" type="jump" coverage="100%"/>
									</conditions>
								</line>
								<line number="23" hits="1" branch="false"/>
								<line number="25" hits="3" branch="true" condition-coverage="100% (2/2)">
									<conditions>
										<condition number="0" type="jump" coverage="100%"/>
									</conditions>
								</line>
								<line number="27" hits="1" branch="false"/>
								<line number="29" hits="2" branch="false"/>
							</lines>
						</method>
						<method name="main" signature="([Ljava/lang/String;)V" line-rate="0.0" branch-rate="1.0" complexity="0">
							<lines>
								<line number="10" hits="0" branch="false"/>
								<line number="11" hits="0" branch="false"/>
							</lines>
						</method>
						<method name="soustraire" signature="(Ljava/lang/Integer;Ljava/lang/Integer;)Ljava/lang/Integer;" line-rate="1.0" branch-rate="1.0" complexity="0">
							<lines>
								<line number="49" hits="1" branch="false"/>
							</lines>
						</method>
					</methods>
					<lines>
						<line number="7" hits="1" branch="false"/>
						<line number="10" hits="0" branch="false"/>
						<line number="11" hits="0" branch="false"/>
						<line number="21" hits="4" branch="true" condition-coverage="100% (2/2)">
							<conditions>
								<condition number="0" type="jump" coverage="100%"/>
							</conditions>
						</line>
						<line number="23" hits="1" branch="false"/>
						<line number="25" hits="3" branch="true" condition-coverage="100% (2/2)">
							<conditions>
								<condition number="0" type="jump" coverage="100%"/>
							</conditions>
						</line>
						<line number="27" hits="1" branch="false"/>
						<line number="29" hits="2" branch="false"/>
						<line number="39" hits="1" branch="false"/>
						<line number="49" hits="1" branch="false"/>
					</lines>
				</class>
			</classes>
		</package>
	</packages>
</coverage>
