Started by user [8mha:////4Fb7p/eeegJ9At02th6o2yDywtR30eyAzl6S3hcR7kDeAAAAlh+LCAAAAAAAAP9b85aBtbiIQTGjNKU4P08vOT+vOD8nVc83PyU1x6OyILUoJzMv2y+/JJUBAhiZGBgqihhk0NSjKDWzXb3RdlLBUSYGJk8GtpzUvPSSDB8G5tKinBIGIZ+sxLJE/ZzEvHT94JKizLx0a6BxUmjGOUNodHsLgAzOEgYu/dLi1CL9gpz8AgBal7TKvwAAAA==[0mplop plip
Building in workspace /var/jenkins_home/workspace/test-build-sonar
Cloning the remote Git repository
Cloning repository https://github.com/blattes86/sample-spring-boot.git
 > git init /var/jenkins_home/workspace/test-build-sonar # timeout=10
Fetching upstream changes from https://github.com/blattes86/sample-spring-boot.git
 > git --version # timeout=10
using GIT_ASKPASS to set credentials github
 > git fetch --tags --progress https://github.com/blattes86/sample-spring-boot.git +refs/heads/*:refs/remotes/origin/*
 > git config remote.origin.url https://github.com/blattes86/sample-spring-boot.git # timeout=10
 > git config --add remote.origin.fetch +refs/heads/*:refs/remotes/origin/* # timeout=10
 > git config remote.origin.url https://github.com/blattes86/sample-spring-boot.git # timeout=10
Fetching upstream changes from https://github.com/blattes86/sample-spring-boot.git
using GIT_ASKPASS to set credentials github
 > git fetch --tags --progress https://github.com/blattes86/sample-spring-boot.git +refs/heads/*:refs/remotes/origin/*
 > git rev-parse refs/remotes/origin/master^{commit} # timeout=10
 > git rev-parse refs/remotes/origin/origin/master^{commit} # timeout=10
Checking out Revision 9f5696dbe66d21925298f773a2c7afce3c74ae3e (refs/remotes/origin/master)
 > git config core.sparsecheckout # timeout=10
 > git checkout -f 9f5696dbe66d21925298f773a2c7afce3c74ae3e
Commit message: "push after release 0.0.3 with new version 0.0.4-SNAPSHOT"
First time build. Skipping changelog.
[test-build-sonar] $ /var/jenkins_home/tools/hudson.tasks.Maven_MavenInstallation/maven/bin/mvn sonar:sonar -Dsonar.host.url=http://localhost:9000 -Dsonar.login=5cb81ccd1c6bbf95cf92ced7f8773069935b4d95
[INFO] Scanning for projects...
Downloading from central: https://repo.maven.apache.org/maven2/org/codehaus/mojo/sonar-maven-plugin/maven-metadata.xml
Progress (1): 976 B                   Downloaded from central: https://repo.maven.apache.org/maven2/org/codehaus/mojo/sonar-maven-plugin/maven-metadata.xml (976 B at 425 B/s)
Downloading from central: https://repo.maven.apache.org/maven2/org/codehaus/mojo/sonar-maven-plugin/3.4.0.905/sonar-maven-plugin-3.4.0.905.pom
Progress (1): 1.1 kB                    Downloaded from central: https://repo.maven.apache.org/maven2/org/codehaus/mojo/sonar-maven-plugin/3.4.0.905/sonar-maven-plugin-3.4.0.905.pom (1.1 kB at 10 kB/s)
Downloading from central: https://repo.maven.apache.org/maven2/org/codehaus/mojo/mojo-parent/40/mojo-parent-40.pom
Progress (1): 2.1/34 kBProgress (1): 4.9/34 kBProgress (1): 7.7/34 kBProgress (1): 10/34 kB Progress (1): 13/34 kBProgress (1): 16/34 kBProgress (1): 19/34 kBProgress (1): 21/34 kBProgress (1): 24/34 kBProgress (1): 27/34 kBProgress (1): 30/34 kBProgress (1): 32/34 kBProgress (1): 34 kB                      Downloaded from central: https://repo.maven.apache.org/maven2/org/codehaus/mojo/mojo-parent/40/mojo-parent-40.pom (34 kB at 238 kB/s)
Downloading from central: https://repo.maven.apache.org/maven2/org/sonarsource/scanner/maven/sonar-maven-plugin/3.4.0.905/sonar-maven-plugin-3.4.0.905.pom
Progress (1): 2.1/9.1 kBProgress (1): 4.9/9.1 kBProgress (1): 7.7/9.1 kBProgress (1): 9.1 kB                        Downloaded from central: https://repo.maven.apache.org/maven2/org/sonarsource/scanner/maven/sonar-maven-plugin/3.4.0.905/sonar-maven-plugin-3.4.0.905.pom (9.1 kB at 77 kB/s)
Downloading from central: https://repo.maven.apache.org/maven2/org/sonarsource/parent/parent/41/parent-41.pom
Progress (1): 2.1/31 kBProgress (1): 4.9/31 kBProgress (1): 7.7/31 kBProgress (1): 10/31 kB Progress (1): 13/31 kBProgress (1): 16/31 kBProgress (1): 19/31 kBProgress (1): 21/31 kBProgress (1): 24/31 kBProgress (1): 27/31 kBProgress (1): 30/31 kBProgress (1): 31 kB                      Downloaded from central: https://repo.maven.apache.org/maven2/org/sonarsource/parent/parent/41/parent-41.pom (31 kB at 228 kB/s)
Downloading from central: https://repo.maven.apache.org/maven2/org/sonarsource/scanner/maven/sonar-maven-plugin/3.4.0.905/sonar-maven-plugin-3.4.0.905.jar
Progress (1): 2.1/43 kBProgress (1): 4.9/43 kBProgress (1): 7.7/43 kBProgress (1): 10/43 kB Progress (1): 13/43 kBProgress (1): 16/43 kBProgress (1): 19/43 kBProgress (1): 21/43 kBProgress (1): 24/43 kBProgress (1): 27/43 kBProgress (1): 30/43 kBProgress (1): 32/43 kBProgress (1): 36/43 kBProgress (1): 40/43 kBProgress (1): 43 kB                      Downloaded from central: https://repo.maven.apache.org/maven2/org/sonarsource/scanner/maven/sonar-maven-plugin/3.4.0.905/sonar-maven-plugin-3.4.0.905.jar (43 kB at 334 kB/s)
[INFO] 
[INFO] --------------------------< com.example:demo >--------------------------
[INFO] Building demo 0.0.4-SNAPSHOT
[INFO] --------------------------------[ jar ]---------------------------------
[INFO] 
[8mha:////4G7nBa3Nw5DpaX20RJvvdgC8wB0wjjqtkRkAZ+M1dAQpAAAAYB+LCAAAAAAAAP9b85aBtbiIQSmjNKU4P0+vJLE4u1gvPjexLDVPzxdEGvvmZ+X75ZekLlOVfvTjc8FPJgaGiiIGKaiG5Py84vycVD1nCA1SyAABjCCFBQCV27OjYAAAAA==[0m[INFO] --- sonar-maven-plugin:3.4.0.905:sonar (default-cli) @ demo ---
Downloading from central: https://repo.maven.apache.org/maven2/org/sonatype/plexus/plexus-sec-dispatcher/1.4/plexus-sec-dispatcher-1.4.pom
Progress (1): 2.1/3.0 kBProgress (1): 3.0 kB                        Downloaded from central: https://repo.maven.apache.org/maven2/org/sonatype/plexus/plexus-sec-dispatcher/1.4/plexus-sec-dispatcher-1.4.pom (3.0 kB at 27 kB/s)
Downloading from central: https://repo.maven.apache.org/maven2/org/sonarsource/scanner/api/sonar-scanner-api/2.10.0.1189/sonar-scanner-api-2.10.0.1189.pom
Progress (1): 2.1/5.4 kBProgress (1): 4.9/5.4 kBProgress (1): 5.4 kB                        Downloaded from central: https://repo.maven.apache.org/maven2/org/sonarsource/scanner/api/sonar-scanner-api/2.10.0.1189/sonar-scanner-api-2.10.0.1189.pom (5.4 kB at 58 kB/s)
Downloading from central: https://repo.maven.apache.org/maven2/org/sonarsource/scanner/api/sonar-scanner-api-parent/2.10.0.1189/sonar-scanner-api-parent-2.10.0.1189.pom
Progress (1): 2.2/4.9 kBProgress (1): 4.9 kB                        Downloaded from central: https://repo.maven.apache.org/maven2/org/sonarsource/scanner/api/sonar-scanner-api-parent/2.10.0.1189/sonar-scanner-api-parent-2.10.0.1189.pom (4.9 kB at 53 kB/s)
Downloading from central: https://repo.maven.apache.org/maven2/org/sonatype/plexus/plexus-sec-dispatcher/1.4/plexus-sec-dispatcher-1.4.jar
Downloading from central: https://repo.maven.apache.org/maven2/org/codehaus/plexus/plexus-utils/3.0.22/plexus-utils-3.0.22.jar
Downloading from central: https://repo.maven.apache.org/maven2/org/sonarsource/scanner/api/sonar-scanner-api/2.10.0.1189/sonar-scanner-api-2.10.0.1189.jar
Progress (1): 2.1/28 kBProgress (1): 4.9/28 kBProgress (1): 7.7/28 kBProgress (1): 10/28 kB Progress (1): 13/28 kBProgress (1): 16/28 kBProgress (1): 19/28 kBProgress (1): 21/28 kBProgress (1): 24/28 kBProgress (1): 27/28 kBProgress (1): 28 kB                      Downloaded from central: https://repo.maven.apache.org/maven2/org/sonatype/plexus/plexus-sec-dispatcher/1.4/plexus-sec-dispatcher-1.4.jar (28 kB at 254 kB/s)
Progress (1): 2.1/245 kBProgress (1): 4.9/245 kBProgress (1): 7.6/245 kBProgress (1): 10/245 kB Progress (1): 13/245 kBProgress (1): 16/245 kBProgress (1): 19/245 kBProgress (2): 19/245 kB | 2.1/582 kBProgress (2): 21/245 kB | 2.1/582 kBProgress (2): 24/245 kB | 2.1/582 kBProgress (2): 27/245 kB | 2.1/582 kBProgress (2): 30/245 kB | 2.1/582 kBProgress (2): 32/245 kB | 2.1/582 kBProgress (2): 32/245 kB | 4.9/582 kBProgress (2): 32/245 kB | 7.7/582 kBProgress (2): 32/245 kB | 10/582 kB Progress (2): 32/245 kB | 13/582 kBProgress (2): 32/245 kB | 16/582 kBProgress (2): 32/245 kB | 19/582 kBProgress (2): 32/245 kB | 21/582 kBProgress (2): 32/245 kB | 24/582 kBProgress (2): 32/245 kB | 27/582 kBProgress (2): 32/245 kB | 30/582 kBProgress (2): 36/245 kB | 30/582 kBProgress (2): 40/245 kB | 30/582 kBProgress (2): 44/245 kB | 30/582 kBProgress (2): 49/245 kB | 30/582 kBProgress (2): 49/245 kB | 32/582 kBProgress (2): 49/245 kB | 36/582 kBProgress (2): 49/245 kB | 40/582 kBProgress (2): 49/245 kB | 44/582 kBProgress (2): 49/245 kB | 49/582 kBProgress (2): 53/245 kB | 49/582 kBProgress (2): 57/245 kB | 49/582 kBProgress (2): 61/245 kB | 49/582 kBProgress (2): 65/245 kB | 49/582 kBProgress (2): 65/245 kB | 53/582 kBProgress (2): 65/245 kB | 57/582 kBProgress (2): 65/245 kB | 61/582 kBProgress (2): 65/245 kB | 65/582 kBProgress (2): 65/245 kB | 69/582 kBProgress (2): 65/245 kB | 73/582 kBProgress (2): 65/245 kB | 77/582 kBProgress (2): 65/245 kB | 81/582 kBProgress (2): 69/245 kB | 81/582 kBProgress (2): 73/245 kB | 81/582 kBProgress (2): 77/245 kB | 81/582 kBProgress (2): 81/245 kB | 81/582 kBProgress (2): 85/245 kB | 81/582 kBProgress (2): 89/245 kB | 81/582 kBProgress (2): 94/245 kB | 81/582 kBProgress (2): 98/245 kB | 81/582 kBProgress (2): 98/245 kB | 85/582 kBProgress (2): 98/245 kB | 89/582 kBProgress (2): 98/245 kB | 94/582 kBProgress (2): 98/245 kB | 98/582 kBProgress (2): 98/245 kB | 102/582 kBProgress (2): 98/245 kB | 106/582 kBProgress (2): 98/245 kB | 110/582 kBProgress (2): 98/245 kB | 114/582 kBProgress (2): 102/245 kB | 114/582 kBProgress (2): 106/245 kB | 114/582 kBProgress (2): 110/245 kB | 114/582 kBProgress (2): 114/245 kB | 114/582 kBProgress (2): 118/245 kB | 114/582 kBProgress (2): 118/245 kB | 118/582 kBProgress (2): 118/245 kB | 122/582 kBProgress (2): 118/245 kB | 126/582 kBProgress (2): 122/245 kB | 126/582 kBProgress (2): 126/245 kB | 126/582 kBProgress (2): 130/245 kB | 126/582 kBProgress (2): 130/245 kB | 130/582 kBProgress (2): 130/245 kB | 135/582 kBProgress (2): 130/245 kB | 139/582 kBProgress (2): 130/245 kB | 143/582 kBProgress (2): 135/245 kB | 143/582 kBProgress (2): 139/245 kB | 143/582 kBProgress (2): 143/245 kB | 143/582 kBProgress (2): 147/245 kB | 143/582 kBProgress (2): 151/245 kB | 143/582 kBProgress (2): 155/245 kB | 143/582 kBProgress (2): 155/245 kB | 147/582 kBProgress (2): 155/245 kB | 151/582 kBProgress (2): 155/245 kB | 155/582 kBProgress (2): 155/245 kB | 159/582 kBProgress (2): 159/245 kB | 159/582 kBProgress (2): 163/245 kB | 159/582 kBProgress (2): 167/245 kB | 159/582 kBProgress (2): 171/245 kB | 159/582 kBProgress (2): 175/245 kB | 159/582 kBProgress (2): 175/245 kB | 163/582 kBProgress (2): 175/245 kB | 167/582 kBProgress (2): 175/245 kB | 171/582 kBProgress (2): 175/245 kB | 176/582 kBProgress (2): 180/245 kB | 176/582 kBProgress (2): 184/245 kB | 176/582 kBProgress (2): 188/245 kB | 176/582 kBProgress (2): 192/245 kB | 176/582 kBProgress (2): 196/245 kB | 176/582 kBProgress (2): 196/245 kB | 180/582 kBProgress (2): 196/245 kB | 184/582 kBProgress (2): 196/245 kB | 188/582 kBProgress (2): 196/245 kB | 192/582 kBProgress (2): 196/245 kB | 196/582 kBProgress (2): 200/245 kB | 196/582 kBProgress (2): 204/245 kB | 196/582 kBProgress (2): 208/245 kB | 196/582 kBProgress (2): 212/245 kB | 196/582 kBProgress (2): 216/245 kB | 196/582 kBProgress (2): 221/245 kB | 196/582 kBProgress (2): 225/245 kB | 196/582 kBProgress (2): 229/245 kB | 196/582 kBProgress (2): 229/245 kB | 200/582 kBProgress (2): 229/245 kB | 204/582 kBProgress (2): 229/245 kB | 208/582 kBProgress (2): 229/245 kB | 212/582 kBProgress (2): 229/245 kB | 216/582 kBProgress (2): 229/245 kB | 221/582 kBProgress (2): 229/245 kB | 225/582 kBProgress (2): 233/245 kB | 225/582 kBProgress (2): 237/245 kB | 225/582 kBProgress (2): 241/245 kB | 225/582 kBProgress (2): 245 kB | 225/582 kB    Progress (2): 245 kB | 229/582 kBProgress (2): 245 kB | 233/582 kBProgress (2): 245 kB | 237/582 kBProgress (2): 245 kB | 241/582 kBProgress (2): 245 kB | 245/582 kBProgress (2): 245 kB | 249/582 kBProgress (2): 245 kB | 253/582 kBProgress (2): 245 kB | 257/582 kB                                 Downloaded from central: https://repo.maven.apache.org/maven2/org/codehaus/plexus/plexus-utils/3.0.22/plexus-utils-3.0.22.jar (245 kB at 510 kB/s)
Progress (1): 262/582 kBProgress (1): 266/582 kBProgress (1): 270/582 kBProgress (1): 274/582 kBProgress (1): 278/582 kBProgress (1): 282/582 kBProgress (1): 286/582 kBProgress (1): 290/582 kBProgress (1): 294/582 kBProgress (1): 298/582 kBProgress (1): 302/582 kBProgress (1): 307/582 kBProgress (1): 311/582 kBProgress (1): 315/582 kBProgress (1): 319/582 kBProgress (1): 323/582 kBProgress (1): 327/582 kBProgress (1): 331/582 kBProgress (1): 335/582 kBProgress (1): 339/582 kBProgress (1): 343/582 kBProgress (1): 348/582 kBProgress (1): 352/582 kBProgress (1): 356/582 kBProgress (1): 360/582 kBProgress (1): 364/582 kBProgress (1): 368/582 kBProgress (1): 372/582 kBProgress (1): 376/582 kBProgress (1): 380/582 kBProgress (1): 384/582 kBProgress (1): 388/582 kBProgress (1): 393/582 kBProgress (1): 397/582 kBProgress (1): 401/582 kBProgress (1): 405/582 kBProgress (1): 409/582 kBProgress (1): 413/582 kBProgress (1): 417/582 kBProgress (1): 421/582 kBProgress (1): 425/582 kBProgress (1): 429/582 kBProgress (1): 434/582 kBProgress (1): 438/582 kBProgress (1): 442/582 kBProgress (1): 446/582 kBProgress (1): 450/582 kBProgress (1): 454/582 kBProgress (1): 458/582 kBProgress (1): 462/582 kBProgress (1): 466/582 kBProgress (1): 470/582 kBProgress (1): 475/582 kBProgress (1): 479/582 kBProgress (1): 483/582 kBProgress (1): 487/582 kBProgress (1): 491/582 kBProgress (1): 495/582 kBProgress (1): 499/582 kBProgress (1): 503/582 kBProgress (1): 507/582 kBProgress (1): 511/582 kBProgress (1): 515/582 kBProgress (1): 520/582 kBProgress (1): 524/582 kBProgress (1): 528/582 kBProgress (1): 532/582 kBProgress (1): 536/582 kBProgress (1): 540/582 kBProgress (1): 544/582 kBProgress (1): 548/582 kBProgress (1): 552/582 kBProgress (1): 556/582 kBProgress (1): 561/582 kBProgress (1): 565/582 kBProgress (1): 569/582 kBProgress (1): 573/582 kBProgress (1): 577/582 kBProgress (1): 581/582 kBProgress (1): 582 kB                        Downloaded from central: https://repo.maven.apache.org/maven2/org/sonarsource/scanner/api/sonar-scanner-api/2.10.0.1189/sonar-scanner-api-2.10.0.1189.jar (582 kB at 763 kB/s)
[INFO] User cache: /var/jenkins_home/.sonar/cache
[8mha:////4FNpcxjdRjrCM+XYq0xgBzc8bURu9I6LtQqKBfsTW3M7AAAAYB+LCAAAAAAAAP9b85aBtbiIQSmjNKU4P0+vJLE4u1gvPjexLDVPzxdEuhYV5Rf55ZekOlc7RKnPKH7IxMBQUcQgBdWQnJ9XnJ+TqucMoUEKGSCAEaSwAACsNFCqYAAAAA==[0m[ERROR] SonarQube server [http://localhost:9000] can not be reached
[INFO] ------------------------------------------------------------------------
[INFO] BUILD FAILURE
[INFO] ------------------------------------------------------------------------
[INFO] Total time: 15.200 s
[INFO] Finished at: 2018-03-23T09:36:57Z
[INFO] ------------------------------------------------------------------------
[8mha:////4FNpcxjdRjrCM+XYq0xgBzc8bURu9I6LtQqKBfsTW3M7AAAAYB+LCAAAAAAAAP9b85aBtbiIQSmjNKU4P0+vJLE4u1gvPjexLDVPzxdEuhYV5Rf55ZekOlc7RKnPKH7IxMBQUcQgBdWQnJ9XnJ+TqucMoUEKGSCAEaSwAACsNFCqYAAAAA==[0m[ERROR] Failed to execute goal org.sonarsource.scanner.maven:sonar-maven-plugin:3.4.0.905:sonar (default-cli) on project demo: Unable to execute SonarQube: Fail to get bootstrap index from server: Failed to connect to localhost/127.0.0.1:9000: Connection refused (Connection refused) -> [Help 1]
[8mha:////4FNpcxjdRjrCM+XYq0xgBzc8bURu9I6LtQqKBfsTW3M7AAAAYB+LCAAAAAAAAP9b85aBtbiIQSmjNKU4P0+vJLE4u1gvPjexLDVPzxdEuhYV5Rf55ZekOlc7RKnPKH7IxMBQUcQgBdWQnJ9XnJ+TqucMoUEKGSCAEaSwAACsNFCqYAAAAA==[0m[ERROR] 
[8mha:////4FNpcxjdRjrCM+XYq0xgBzc8bURu9I6LtQqKBfsTW3M7AAAAYB+LCAAAAAAAAP9b85aBtbiIQSmjNKU4P0+vJLE4u1gvPjexLDVPzxdEuhYV5Rf55ZekOlc7RKnPKH7IxMBQUcQgBdWQnJ9XnJ+TqucMoUEKGSCAEaSwAACsNFCqYAAAAA==[0m[ERROR] To see the full stack trace of the errors, re-run Maven with the -e switch.
[8mha:////4FNpcxjdRjrCM+XYq0xgBzc8bURu9I6LtQqKBfsTW3M7AAAAYB+LCAAAAAAAAP9b85aBtbiIQSmjNKU4P0+vJLE4u1gvPjexLDVPzxdEuhYV5Rf55ZekOlc7RKnPKH7IxMBQUcQgBdWQnJ9XnJ+TqucMoUEKGSCAEaSwAACsNFCqYAAAAA==[0m[ERROR] Re-run Maven using the -X switch to enable full debug logging.
[8mha:////4FNpcxjdRjrCM+XYq0xgBzc8bURu9I6LtQqKBfsTW3M7AAAAYB+LCAAAAAAAAP9b85aBtbiIQSmjNKU4P0+vJLE4u1gvPjexLDVPzxdEuhYV5Rf55ZekOlc7RKnPKH7IxMBQUcQgBdWQnJ9XnJ+TqucMoUEKGSCAEaSwAACsNFCqYAAAAA==[0m[ERROR] 
[8mha:////4FNpcxjdRjrCM+XYq0xgBzc8bURu9I6LtQqKBfsTW3M7AAAAYB+LCAAAAAAAAP9b85aBtbiIQSmjNKU4P0+vJLE4u1gvPjexLDVPzxdEuhYV5Rf55ZekOlc7RKnPKH7IxMBQUcQgBdWQnJ9XnJ+TqucMoUEKGSCAEaSwAACsNFCqYAAAAA==[0m[ERROR] For more information about the errors and possible solutions, please read the following articles:
[8mha:////4FNpcxjdRjrCM+XYq0xgBzc8bURu9I6LtQqKBfsTW3M7AAAAYB+LCAAAAAAAAP9b85aBtbiIQSmjNKU4P0+vJLE4u1gvPjexLDVPzxdEuhYV5Rf55ZekOlc7RKnPKH7IxMBQUcQgBdWQnJ9XnJ+TqucMoUEKGSCAEaSwAACsNFCqYAAAAA==[0m[ERROR] [Help 1] http://cwiki.apache.org/confluence/display/MAVEN/MojoExecutionException
Build step 'Invoke top-level Maven targets' marked build as failure
Finished: FAILURE
